c:\users\rkddl\desktop\study\study-cplus-tcp_server\server\servercore\x64\debug\servercore.pch
c:\users\rkddl\desktop\study\study-cplus-tcp_server\server\lib\libs\servercore\debug\servercore.pdb
c:\users\rkddl\desktop\study\study-cplus-tcp_server\server\lib\libs\servercore\debug\servercore.idb
c:\users\rkddl\desktop\study\study-cplus-tcp_server\server\servercore\x64\debug\pch.obj
c:\users\rkddl\desktop\study\study-cplus-tcp_server\server\servercore\x64\debug\threadmanager.obj
c:\users\rkddl\desktop\study\study-cplus-tcp_server\server\servercore\x64\debug\socketutils.obj
c:\users\rkddl\desktop\study\study-cplus-tcp_server\server\servercore\x64\debug\session.obj
c:\users\rkddl\desktop\study\study-cplus-tcp_server\server\servercore\x64\debug\service.obj
c:\users\rkddl\desktop\study\study-cplus-tcp_server\server\servercore\x64\debug\sendbuffer.obj
c:\users\rkddl\desktop\study\study-cplus-tcp_server\server\servercore\x64\debug\recvbuffer.obj
c:\users\rkddl\desktop\study\study-cplus-tcp_server\server\servercore\x64\debug\netaddress.obj
c:\users\rkddl\desktop\study\study-cplus-tcp_server\server\servercore\x64\debug\memorypool.obj
c:\users\rkddl\desktop\study\study-cplus-tcp_server\server\servercore\x64\debug\memory.obj
c:\users\rkddl\desktop\study\study-cplus-tcp_server\server\servercore\x64\debug\lock.obj
c:\users\rkddl\desktop\study\study-cplus-tcp_server\server\servercore\x64\debug\listener.obj
c:\users\rkddl\desktop\study\study-cplus-tcp_server\server\servercore\x64\debug\iocpevent.obj
c:\users\rkddl\desktop\study\study-cplus-tcp_server\server\servercore\x64\debug\iocpcore.obj
c:\users\rkddl\desktop\study\study-cplus-tcp_server\server\servercore\x64\debug\deadlockprofiler.obj
c:\users\rkddl\desktop\study\study-cplus-tcp_server\server\servercore\x64\debug\coretls.obj
c:\users\rkddl\desktop\study\study-cplus-tcp_server\server\servercore\x64\debug\coreglobal.obj
c:\users\rkddl\desktop\study\study-cplus-tcp_server\server\servercore\x64\debug\bufferwriter.obj
c:\users\rkddl\desktop\study\study-cplus-tcp_server\server\servercore\x64\debug\bufferreader.obj
c:\users\rkddl\desktop\study\study-cplus-tcp_server\server\servercore\x64\debug\allocator.obj
c:\users\rkddl\desktop\study\study-cplus-tcp_server\server\lib\libs\servercore\debug\servercore.lib
c:\users\rkddl\desktop\study\study-cplus-tcp_server\server\servercore\x64\debug\servercore.tlog\cl.command.1.tlog
c:\users\rkddl\desktop\study\study-cplus-tcp_server\server\servercore\x64\debug\servercore.tlog\cl.items.tlog
c:\users\rkddl\desktop\study\study-cplus-tcp_server\server\servercore\x64\debug\servercore.tlog\cl.read.1.tlog
c:\users\rkddl\desktop\study\study-cplus-tcp_server\server\servercore\x64\debug\servercore.tlog\cl.write.1.tlog
c:\users\rkddl\desktop\study\study-cplus-tcp_server\server\servercore\x64\debug\servercore.tlog\lib-link.read.1.tlog
c:\users\rkddl\desktop\study\study-cplus-tcp_server\server\servercore\x64\debug\servercore.tlog\lib-link.write.1.tlog
c:\users\rkddl\desktop\study\study-cplus-tcp_server\server\servercore\x64\debug\servercore.tlog\lib.command.1.tlog
