  '癤?echo'은(는) 내부 또는 외부 명령, 실행할 수 있는 프로그램, 또는
  배치 파일이 아닙니다.
Protocol.proto(4,1): warning G1A4DC0EC: Import Enum.proto is unused.
          1개 파일이 복사되었습니다.
          1개 파일이 복사되었습니다.
          1개 파일이 복사되었습니다.
          1개 파일이 복사되었습니다.
          1개 파일이 복사되었습니다.
          1개 파일이 복사되었습니다.
          1개 파일이 복사되었습니다.
          1개 파일이 복사되었습니다.
          1개 파일이 복사되었습니다.
          1개 파일이 복사되었습니다.
          1개 파일이 복사되었습니다.
          1개 파일이 복사되었습니다.
          1개 파일이 복사되었습니다.
          1개 파일이 복사되었습니다.
  계속하려면 아무 키나 누르십시오 . . . 
  DummyClient.cpp
  ServerPacketHandler.cpp
  코드를 생성하고 있습니다...
  Enum.pb.cc
  Protocol.pb.cc
  Struct.pb.cc
  코드를 생성하고 있습니다...
  DummyClient.vcxproj -> C:\Users\rkddl\Desktop\MyWork\study-cplus-tcp_server\Server\_Binary\Debug\DummyClient.exe
