  '癤?echo'은(는) 내부 또는 외부 명령, 실행할 수 있는 프로그램, 또는
  배치 파일이 아닙니다.
Protocol.proto(4,1): warning G1A4DC0EC: Import Enum.proto is unused.
          1개 파일이 복사되었습니다.
          1개 파일이 복사되었습니다.
          1개 파일이 복사되었습니다.
          1개 파일이 복사되었습니다.
          1개 파일이 복사되었습니다.
          1개 파일이 복사되었습니다.
          1개 파일이 복사되었습니다.
          1개 파일이 복사되었습니다.
          1개 파일이 복사되었습니다.
          1개 파일이 복사되었습니다.
          1개 파일이 복사되었습니다.
          1개 파일이 복사되었습니다.
          1개 파일이 복사되었습니다.
          1개 파일이 복사되었습니다.
  계속하려면 아무 키나 누르십시오 . . . 
  pch.cpp
  Enum.pb.cc
  Protocol.pb.cc
  Struct.pb.cc
  ClientPacketHandler.cpp
  GameServer.cpp
  GameSession.cpp
  GameSessionManager.cpp
  Player.cpp
  Room.cpp
  코드를 생성하고 있습니다.
  Previous IPDB not found, fall back to full compilation.
  All 2631 functions were compiled because no usable IPDB/IOBJ from previous compilation was found.
  코드를 생성했습니다.
  GameServer.vcxproj -> C:\Users\rkddl\Desktop\Study\study-cplus-tcp_server\Server\_Binary\Release\GameServer.exe
