  '癤?echo'은(는) 내부 또는 외부 명령, 실행할 수 있는 프로그램, 또는
  배치 파일이 아닙니다.
Protocol.proto(4,1): warning G1A4DC0EC: Import Enum.proto is unused.
  지정된 파일을 찾을 수 없습니다.
  지정된 파일을 찾을 수 없습니다.
  지정된 파일을 찾을 수 없습니다.
  지정된 파일을 찾을 수 없습니다.
  지정된 파일을 찾을 수 없습니다.
  지정된 파일을 찾을 수 없습니다.
  지정된 파일을 찾을 수 없습니다.
  지정된 파일을 찾을 수 없습니다.
  지정된 파일을 찾을 수 없습니다.
  지정된 파일을 찾을 수 없습니다.
  지정된 파일을 찾을 수 없습니다.
  지정된 파일을 찾을 수 없습니다.
  지정된 파일을 찾을 수 없습니다.
  지정된 파일을 찾을 수 없습니다.
  C:\Users\rkddl\Desktop\MyWork\study-cplus-tcp_server\Server\Common\Protobuf\assets\*.pb.h을(를) 찾을 수 없습니다.
  C:\Users\rkddl\Desktop\MyWork\study-cplus-tcp_server\Server\Common\Protobuf\assets\*.pb.cc을(를) 찾을 수 없습니다.
  C:\Users\rkddl\Desktop\MyWork\study-cplus-tcp_server\Server\Common\Protobuf\assets\*.h을(를) 찾을 수 없습니다.
  계속하려면 아무 키나 누르십시오 . . . 
  pch.cpp
  Enum.pb.cc
  Protocol.pb.cc
  Struct.pb.cc
  코드를 생성하고 있습니다...
  ClientPacketHandler.cpp
  GameServer.cpp
  GameSession.cpp
  GameSessionManager.cpp
  Player.cpp
  Room.cpp
  코드를 생성하고 있습니다...
  GameServer.vcxproj -> C:\Users\rkddl\Desktop\MyWork\study-cplus-tcp_server\Server\_Binary\Debug\GameServer.exe
